          min 1.53715e-35  max 0.00764096
  SkyLineMatrix: size pL/pU: 3384 136687 136687 moy=40.3921
  -- Solve :
          min 3.06748e-35  max 0.00760216
  SkyLineMatrix: size pL/pU: 1312 37156 37156 moy=28.3201
  -- Solve :
          min 1.53715e-35  max 0.00764097
  SkyLineMatrix: size pL/pU: 3384 136687 136687 moy=40.3921
  -- Solve :
          min 3.06748e-35  max 0.00760216
  SkyLineMatrix: size pL/pU: 1312 37156 37156 moy=28.3201
  -- Solve :
          min 1.53715e-35  max 0.00764097
  SkyLineMatrix: size pL/pU: 3384 136687 136687 moy=40.3921
  -- Solve :
          min 3.06748e-35  max 0.00760216
  SkyLineMatrix: size pL/pU: 1312 37156 37156 moy=28.3201
  -- Solve :
          min 1.53715e-35  max 0.00764097
  SkyLineMatrix: size pL/pU: 3384 136687 136687 moy=40.3921
  -- Solve :
          min 3.06748e-35  max 0.00760216
  SkyLineMatrix: size pL/pU: 1312 37156 37156 moy=28.3201
  -- Solve :
          min 1.53715e-35  max 0.00764097
times: compile 0.11s, execution 5.396s,  mpirank:0
 CodeAlloc : nb ptr  3909,  size :492760 mpirank: 0
Ok: Normal End
 try getConsole C:\Users\decroux paul\Documents\info\calcul_scientifique\decomposition_domainie_avec_recouvrement.edp
